{"C:\\Users\\HP\\Desktop\\dev\\kairos\\src\\src\\App.tsx": {"path":"C:\\Users\\HP\\Desktop\\dev\\kairos\\src\\src\\App.tsx","statementMap":{"0":{"start":{"line":17,"column":0},"end":{"line":17,"column":16}},"1":{"start":{"line":1,"column":0},"end":{"line":1,"column":40}},"2":{"start":{"line":2,"column":0},"end":{"line":2,"column":62}},"3":{"start":{"line":3,"column":0},"end":{"line":3,"column":46}},"4":{"start":{"line":4,"column":0},"end":{"line":4,"column":44}},"5":{"start":{"line":7,"column":23},"end":{"line":7,"column":32}},"6":{"start":{"line":8,"column":34},"end":{"line":8,"column":49}},"7":{"start":{"line":10,"column":2},"end":{"line":12,"column":3}},"8":{"start":{"line":11,"column":4},"end":{"line":11,"column":62}},"9":{"start":{"line":11,"column":40},"end":{"line":11,"column":57}},"10":{"start":{"line":14,"column":2},"end":{"line":14,"column":22}},"11":{"start":{"line":18,"column":2},"end":{"line":22,"column":4}}},"fnMap":{"0":{"name":"AppInner","decl":{"start":{"line":6,"column":9},"end":{"line":6,"column":17}},"loc":{"start":{"line":6,"column":17},"end":{"line":15,"column":1}}},"1":{"name":"(anonymous_10)","decl":{"start":{"line":11,"column":34},"end":{"line":11,"column":37}},"loc":{"start":{"line":11,"column":40},"end":{"line":11,"column":57}}},"2":{"name":"App","decl":{"start":{"line":17,"column":16},"end":{"line":17,"column":19}},"loc":{"start":{"line":17,"column":19},"end":{"line":23,"column":1}}}},"branchMap":{"0":{"loc":{"start":{"line":10,"column":2},"end":{"line":12,"column":3}},"type":"if","locations":[{"start":{"line":10,"column":2},"end":{"line":12,"column":3}}]},"1":{"loc":{"start":{"line":10,"column":6},"end":{"line":10,"column":28}},"type":"binary-expr","locations":[{"start":{"line":10,"column":6},"end":{"line":10,"column":15}},{"start":{"line":10,"column":19},"end":{"line":10,"column":28}}]}},"s":{"0":1,"1":1,"2":1,"3":1,"4":1,"5":17,"6":17,"7":17,"8":9,"9":8,"10":8,"11":8},"f":{"0":17,"1":8,"2":8},"b":{"0":[9],"1":[17,8]}}
,"C:\\Users\\HP\\Desktop\\dev\\kairos\\src\\src\\components\\ChatMessage.tsx": {"path":"C:\\Users\\HP\\Desktop\\dev\\kairos\\src\\src\\components\\ChatMessage.tsx","statementMap":{"0":{"start":{"line":11,"column":0},"end":{"line":11,"column":16}},"1":{"start":{"line":1,"column":0},"end":{"line":1,"column":26}},"2":{"start":{"line":3,"column":0},"end":{"line":3,"column":34}},"3":{"start":{"line":12,"column":16},"end":{"line":12,"column":46}},"4":{"start":{"line":13,"column":19},"end":{"line":13,"column":66}},"5":{"start":{"line":14,"column":23},"end":{"line":14,"column":84}},"6":{"start":{"line":16,"column":15},"end":{"line":19,"column":4}},"7":{"start":{"line":21,"column":2},"end":{"line":29,"column":3}},"8":{"start":{"line":22,"column":4},"end":{"line":28,"column":6}},"9":{"start":{"line":31,"column":2},"end":{"line":72,"column":4}}},"fnMap":{"0":{"name":"ChatMessage","decl":{"start":{"line":11,"column":16},"end":{"line":11,"column":27}},"loc":{"start":{"line":11,"column":76},"end":{"line":73,"column":1}}}},"branchMap":{"0":{"loc":{"start":{"line":13,"column":19},"end":{"line":13,"column":66}},"type":"binary-expr","locations":[{"start":{"line":13,"column":19},"end":{"line":13,"column":35}},{"start":{"line":13,"column":39},"end":{"line":13,"column":66}}]},"1":{"loc":{"start":{"line":14,"column":23},"end":{"line":14,"column":84}},"type":"binary-expr","locations":[{"start":{"line":14,"column":23},"end":{"line":14,"column":39}},{"start":{"line":14,"column":43},"end":{"line":14,"column":84}}]},"2":{"loc":{"start":{"line":21,"column":2},"end":{"line":29,"column":3}},"type":"if","locations":[{"start":{"line":21,"column":2},"end":{"line":29,"column":3}}]},"3":{"loc":{"start":{"line":34,"column":6},"end":{"line":34,"column":45}},"type":"cond-expr","locations":[{"start":{"line":34,"column":14},"end":{"line":34,"column":27}},{"start":{"line":34,"column":30},"end":{"line":34,"column":45}}]},"4":{"loc":{"start":{"line":35,"column":6},"end":{"line":35,"column":30}},"type":"binary-expr","locations":[{"start":{"line":35,"column":6},"end":{"line":35,"column":19}},{"start":{"line":35,"column":23},"end":{"line":35,"column":30}}]},"5":{"loc":{"start":{"line":39,"column":8},"end":{"line":39,"column":43}},"type":"cond-expr","locations":[{"start":{"line":39,"column":16},"end":{"line":39,"column":27}},{"start":{"line":39,"column":30},"end":{"line":39,"column":43}}]},"6":{"loc":{"start":{"line":41,"column":9},"end":{"line":44,"column":null}},"type":"binary-expr","locations":[{"start":{"line":41,"column":9},"end":{"line":41,"column":21}},{"start":{"line":41,"column":25},"end":{"line":41,"column":31}},{"start":{"line":42,"column":10},"end":{"line":43,"column":null}}]},"7":{"loc":{"start":{"line":50,"column":12},"end":{"line":52,"column":69}},"type":"cond-expr","locations":[{"start":{"line":51,"column":16},"end":{"line":51,"column":95}},{"start":{"line":52,"column":16},"end":{"line":52,"column":69}}]},"8":{"loc":{"start":{"line":53,"column":12},"end":{"line":53,"column":54}},"type":"binary-expr","locations":[{"start":{"line":53,"column":12},"end":{"line":53,"column":17}},{"start":{"line":53,"column":21},"end":{"line":53,"column":33}},{"start":{"line":53,"column":37},"end":{"line":53,"column":54}}]},"9":{"loc":{"start":{"line":54,"column":12},"end":{"line":54,"column":55}},"type":"binary-expr","locations":[{"start":{"line":54,"column":12},"end":{"line":54,"column":18}},{"start":{"line":54,"column":22},"end":{"line":54,"column":34}},{"start":{"line":54,"column":38},"end":{"line":54,"column":55}}]},"10":{"loc":{"start":{"line":60,"column":12},"end":{"line":60,"column":80}},"type":"cond-expr","locations":[{"start":{"line":60,"column":20},"end":{"line":60,"column":47}},{"start":{"line":60,"column":50},"end":{"line":60,"column":80}}]},"11":{"loc":{"start":{"line":63,"column":13},"end":{"line":66,"column":null}},"type":"binary-expr","locations":[{"start":{"line":63,"column":13},"end":{"line":63,"column":18}},{"start":{"line":64,"column":14},"end":{"line":65,"column":null}}]}},"s":{"0":1,"1":1,"2":1,"3":19,"4":19,"5":19,"6":19,"7":19,"8":1,"9":18},"f":{"0":19},"b":{"0":[19,18],"1":[19,2],"2":[1],"3":[16,2],"4":[18,0],"5":[16,2],"6":[18,18,2],"7":[16,2],"8":[18,16,16],"9":[18,2,2],"10":[16,2],"11":[18,16]}}
,"C:\\Users\\HP\\Desktop\\dev\\kairos\\src\\src\\components\\MessageInput.tsx": {"path":"C:\\Users\\HP\\Desktop\\dev\\kairos\\src\\src\\components\\MessageInput.tsx","statementMap":{"0":{"start":{"line":13,"column":0},"end":{"line":13,"column":16}},"1":{"start":{"line":1,"column":0},"end":{"line":1,"column":59}},"2":{"start":{"line":2,"column":0},"end":{"line":2,"column":53}},"3":{"start":{"line":3,"column":0},"end":{"line":3,"column":34}},"4":{"start":{"line":11,"column":15},"end":{"line":11,"column":74}},"5":{"start":{"line":14,"column":28},"end":{"line":14,"column":40}},"6":{"start":{"line":15,"column":48},"end":{"line":15,"column":63}},"7":{"start":{"line":16,"column":19},"end":{"line":16,"column":49}},"8":{"start":{"line":19,"column":4},"end":{"line":19,"column":23}},"9":{"start":{"line":20,"column":4},"end":{"line":20,"column":42}},"10":{"start":{"line":20,"column":35},"end":{"line":20,"column":42}},"11":{"start":{"line":21,"column":4},"end":{"line":21,"column":25}},"12":{"start":{"line":22,"column":4},"end":{"line":22,"column":17}},"13":{"start":{"line":23,"column":4},"end":{"line":23,"column":30}},"14":{"start":{"line":24,"column":4},"end":{"line":24,"column":30}},"15":{"start":{"line":28,"column":4},"end":{"line":28,"column":29}},"16":{"start":{"line":29,"column":4},"end":{"line":29,"column":29}},"17":{"start":{"line":29,"column":18},"end":{"line":29,"column":29}},"18":{"start":{"line":33,"column":4},"end":{"line":33,"column":35}},"19":{"start":{"line":33,"column":21},"end":{"line":33,"column":33}},"20":{"start":{"line":34,"column":4},"end":{"line":34,"column":30}},"21":{"start":{"line":35,"column":4},"end":{"line":35,"column":30}},"22":{"start":{"line":38,"column":2},"end":{"line":105,"column":4}},"23":{"start":{"line":49,"column":14},"end":{"line":50,"column":null}},"24":{"start":{"line":52,"column":31},"end":{"line":52,"column":46}},"25":{"start":{"line":68,"column":25},"end":{"line":68,"column":61}}},"fnMap":{"0":{"name":"MessageInput","decl":{"start":{"line":13,"column":16},"end":{"line":13,"column":28}},"loc":{"start":{"line":13,"column":66},"end":{"line":106,"column":1}}},"1":{"name":"handleSubmit","decl":{"start":{"line":18,"column":11},"end":{"line":18,"column":23}},"loc":{"start":{"line":18,"column":36},"end":{"line":25,"column":3}}},"2":{"name":"handleChange","decl":{"start":{"line":27,"column":11},"end":{"line":27,"column":23}},"loc":{"start":{"line":27,"column":62},"end":{"line":30,"column":3}}},"3":{"name":"addEmoji","decl":{"start":{"line":32,"column":11},"end":{"line":32,"column":19}},"loc":{"start":{"line":32,"column":33},"end":{"line":36,"column":3}}},"4":{"name":"(anonymous_13)","decl":{"start":{"line":33,"column":13},"end":{"line":33,"column":17}},"loc":{"start":{"line":33,"column":21},"end":{"line":33,"column":33}}},"5":{"name":"(anonymous_14)","decl":{"start":{"line":48,"column":24},"end":{"line":48,"column":29}},"loc":{"start":{"line":49,"column":14},"end":{"line":50,"column":null}}},"6":{"name":"(anonymous_15)","decl":{"start":{"line":52,"column":25},"end":{"line":52,"column":28}},"loc":{"start":{"line":52,"column":31},"end":{"line":52,"column":46}}},"7":{"name":"(anonymous_16)","decl":{"start":{"line":68,"column":19},"end":{"line":68,"column":22}},"loc":{"start":{"line":68,"column":25},"end":{"line":68,"column":61}}}},"branchMap":{"0":{"loc":{"start":{"line":20,"column":4},"end":{"line":20,"column":42}},"type":"if","locations":[{"start":{"line":20,"column":4},"end":{"line":20,"column":42}}]},"1":{"loc":{"start":{"line":20,"column":8},"end":{"line":20,"column":33}},"type":"binary-expr","locations":[{"start":{"line":20,"column":8},"end":{"line":20,"column":21}},{"start":{"line":20,"column":25},"end":{"line":20,"column":33}}]},"2":{"loc":{"start":{"line":29,"column":4},"end":{"line":29,"column":29}},"type":"if","locations":[{"start":{"line":29,"column":4},"end":{"line":29,"column":29}}]},"3":{"loc":{"start":{"line":44,"column":7},"end":{"line":59,"column":null}},"type":"binary-expr","locations":[{"start":{"line":44,"column":7},"end":{"line":44,"column":22}},{"start":{"line":45,"column":8},"end":{"line":58,"column":null}}]},"4":{"loc":{"start":{"line":64,"column":8},"end":{"line":64,"column":62}},"type":"binary-expr","locations":[{"start":{"line":64,"column":8},"end":{"line":64,"column":16}},{"start":{"line":64,"column":20},"end":{"line":64,"column":62}}]},"5":{"loc":{"start":{"line":71,"column":12},"end":{"line":71,"column":126}},"type":"cond-expr","locations":[{"start":{"line":71,"column":30},"end":{"line":71,"column":64}},{"start":{"line":71,"column":67},"end":{"line":71,"column":126}}]},"6":{"loc":{"start":{"line":91,"column":22},"end":{"line":91,"column":47}},"type":"binary-expr","locations":[{"start":{"line":91,"column":22},"end":{"line":91,"column":35}},{"start":{"line":91,"column":39},"end":{"line":91,"column":47}}]},"7":{"loc":{"start":{"line":95,"column":14},"end":{"line":97,"column":86}},"type":"cond-expr","locations":[{"start":{"line":96,"column":18},"end":{"line":96,"column":105}},{"start":{"line":97,"column":18},"end":{"line":97,"column":86}}]}},"s":{"0":1,"1":1,"2":1,"3":1,"4":1,"5":27,"6":27,"7":27,"8":1,"9":1,"10":0,"11":1,"12":1,"13":1,"14":1,"15":2,"16":2,"17":2,"18":0,"19":0,"20":0,"21":0,"22":27,"23":0,"24":0,"25":0},"f":{"0":27,"1":1,"2":2,"3":0,"4":0,"5":0,"6":0,"7":0},"b":{"0":[0],"1":[1,1],"2":[2],"3":[27,0],"4":[27,1],"5":[0,27],"6":[27,2],"7":[2,25]}}
,"C:\\Users\\HP\\Desktop\\dev\\kairos\\src\\src\\components\\MessageList.tsx": {"path":"C:\\Users\\HP\\Desktop\\dev\\kairos\\src\\src\\components\\MessageList.tsx","statementMap":{"0":{"start":{"line":13,"column":0},"end":{"line":13,"column":16}},"1":{"start":{"line":1,"column":0},"end":{"line":1,"column":26}},"2":{"start":{"line":3,"column":0},"end":{"line":3,"column":44}},"3":{"start":{"line":4,"column":0},"end":{"line":4,"column":46}},"4":{"start":{"line":14,"column":2},"end":{"line":52,"column":4}},"5":{"start":{"line":29,"column":12},"end":{"line":30,"column":null}}},"fnMap":{"0":{"name":"MessageList","decl":{"start":{"line":13,"column":16},"end":{"line":13,"column":27}},"loc":{"start":{"line":13,"column":80},"end":{"line":53,"column":1}}},"1":{"name":"(anonymous_2)","decl":{"start":{"line":28,"column":23},"end":{"line":28,"column":24}},"loc":{"start":{"line":29,"column":12},"end":{"line":30,"column":null}}}},"branchMap":{"0":{"loc":{"start":{"line":17,"column":9},"end":{"line":35,"column":null}},"type":"cond-expr","locations":[{"start":{"line":18,"column":10},"end":{"line":25,"column":null}},{"start":{"line":28,"column":10},"end":{"line":35,"column":12}}]},"1":{"loc":{"start":{"line":33,"column":31},"end":{"line":33,"column":74}},"type":"cond-expr","locations":[{"start":{"line":33,"column":43},"end":{"line":33,"column":62}},{"start":{"line":33,"column":65},"end":{"line":33,"column":74}}]},"2":{"loc":{"start":{"line":38,"column":9},"end":{"line":46,"column":null}},"type":"binary-expr","locations":[{"start":{"line":38,"column":9},"end":{"line":38,"column":19}},{"start":{"line":39,"column":10},"end":{"line":45,"column":null}}]}},"s":{"0":1,"1":1,"2":1,"3":1,"4":17,"5":19},"f":{"0":17,"1":19},"b":{"0":[0,17],"1":[2,17],"2":[17,1]}}
,"C:\\Users\\HP\\Desktop\\dev\\kairos\\src\\src\\components\\ui\\button.tsx": {"path":"C:\\Users\\HP\\Desktop\\dev\\kairos\\src\\src\\components\\ui\\button.tsx","statementMap":{"0":{"start":{"line":1,"column":0},"end":{"line":1,"column":31}},"1":{"start":{"line":2,"column":0},"end":{"line":2,"column":37}},"2":{"start":{"line":7,"column":13},"end":{"line":21,"column":2}},"3":{"start":{"line":9,"column":4},"end":{"line":19,"column":6}},"4":{"start":{"line":23,"column":0},"end":{"line":23,"column":30}}},"fnMap":{"0":{"name":"(anonymous_9)","decl":{"start":{"line":8,"column":2},"end":{"line":8,"column":3}},"loc":{"start":{"line":8,"column":35},"end":{"line":20,"column":3}}}},"branchMap":{},"s":{"0":1,"1":1,"2":1,"3":25,"4":1},"f":{"0":25},"b":{}}
,"C:\\Users\\HP\\Desktop\\dev\\kairos\\src\\src\\components\\ui\\input.tsx": {"path":"C:\\Users\\HP\\Desktop\\dev\\kairos\\src\\src\\components\\ui\\input.tsx","statementMap":{"0":{"start":{"line":1,"column":0},"end":{"line":1,"column":31}},"1":{"start":{"line":2,"column":0},"end":{"line":2,"column":37}},"2":{"start":{"line":7,"column":13},"end":{"line":20,"column":2}},"3":{"start":{"line":9,"column":4},"end":{"line":18,"column":6}},"4":{"start":{"line":22,"column":0},"end":{"line":22,"column":28}}},"fnMap":{"0":{"name":"(anonymous_9)","decl":{"start":{"line":8,"column":2},"end":{"line":8,"column":3}},"loc":{"start":{"line":8,"column":35},"end":{"line":19,"column":3}}}},"branchMap":{},"s":{"0":1,"1":1,"2":1,"3":25,"4":1},"f":{"0":25},"b":{}}
,"C:\\Users\\HP\\Desktop\\dev\\kairos\\src\\src\\components\\ui\\scroll-area.tsx": {"path":"C:\\Users\\HP\\Desktop\\dev\\kairos\\src\\src\\components\\ui\\scroll-area.tsx","statementMap":{"0":{"start":{"line":1,"column":0},"end":{"line":1,"column":31}},"1":{"start":{"line":2,"column":0},"end":{"line":2,"column":37}},"2":{"start":{"line":7,"column":13},"end":{"line":17,"column":2}},"3":{"start":{"line":9,"column":4},"end":{"line":15,"column":6}},"4":{"start":{"line":19,"column":0},"end":{"line":19,"column":38}}},"fnMap":{"0":{"name":"(anonymous_9)","decl":{"start":{"line":8,"column":2},"end":{"line":8,"column":3}},"loc":{"start":{"line":8,"column":35},"end":{"line":16,"column":3}}}},"branchMap":{},"s":{"0":1,"1":1,"2":1,"3":17,"4":1},"f":{"0":17},"b":{}}
,"C:\\Users\\HP\\Desktop\\dev\\kairos\\src\\src\\config\\env.ts": {"path":"C:\\Users\\HP\\Desktop\\dev\\kairos\\src\\src\\config\\env.ts","statementMap":{"0":{"start":{"line":1,"column":0},"end":{"line":1,"column":24}},"1":{"start":{"line":3,"column":18},"end":{"line":5,"column":2}},"2":{"start":{"line":7,"column":15},"end":{"line":7,"column":51}},"3":{"start":{"line":9,"column":0},"end":{"line":12,"column":1}},"4":{"start":{"line":10,"column":4},"end":{"line":10,"column":77}},"5":{"start":{"line":11,"column":4},"end":{"line":11,"column":53}},"6":{"start":{"line":14,"column":13},"end":{"line":16,"column":2}}},"fnMap":{},"branchMap":{"0":{"loc":{"start":{"line":9,"column":0},"end":{"line":12,"column":1}},"type":"if","locations":[{"start":{"line":9,"column":0},"end":{"line":12,"column":1}}]}},"s":{"0":0,"1":0,"2":0,"3":0,"4":0,"5":0,"6":0},"f":{},"b":{"0":[0]}}
,"C:\\Users\\HP\\Desktop\\dev\\kairos\\src\\src\\context\\AuthContext.tsx": {"path":"C:\\Users\\HP\\Desktop\\dev\\kairos\\src\\src\\context\\AuthContext.tsx","statementMap":{"0":{"start":{"line":10,"column":0},"end":{"line":10,"column":16}},"1":{"start":{"line":20,"column":0},"end":{"line":20,"column":16}},"2":{"start":{"line":1,"column":0},"end":{"line":1,"column":78}},"3":{"start":{"line":8,"column":20},"end":{"line":8,"column":74}},"4":{"start":{"line":11,"column":34},"end":{"line":11,"column":63}},"5":{"start":{"line":13,"column":2},"end":{"line":17,"column":4}},"6":{"start":{"line":21,"column":14},"end":{"line":21,"column":37}},"7":{"start":{"line":22,"column":2},"end":{"line":24,"column":3}},"8":{"start":{"line":23,"column":4},"end":{"line":23,"column":64}},"9":{"start":{"line":25,"column":2},"end":{"line":25,"column":13}}},"fnMap":{"0":{"name":"AuthProvider","decl":{"start":{"line":10,"column":16},"end":{"line":10,"column":28}},"loc":{"start":{"line":10,"column":66},"end":{"line":18,"column":1}}},"1":{"name":"useAuth","decl":{"start":{"line":20,"column":16},"end":{"line":20,"column":23}},"loc":{"start":{"line":20,"column":23},"end":{"line":26,"column":1}}}},"branchMap":{"0":{"loc":{"start":{"line":22,"column":2},"end":{"line":24,"column":3}},"type":"if","locations":[{"start":{"line":22,"column":2},"end":{"line":24,"column":3}}]}},"s":{"0":1,"1":1,"2":1,"3":1,"4":25,"5":25,"6":67,"7":67,"8":0,"9":67},"f":{"0":25,"1":67},"b":{"0":[0]}}
,"C:\\Users\\HP\\Desktop\\dev\\kairos\\src\\src\\hooks\\useChat.ts": {"path":"C:\\Users\\HP\\Desktop\\dev\\kairos\\src\\src\\hooks\\useChat.ts","statementMap":{"0":{"start":{"line":15,"column":0},"end":{"line":15,"column":16}},"1":{"start":{"line":1,"column":0},"end":{"line":1,"column":65}},"2":{"start":{"line":3,"column":0},"end":{"line":3,"column":61}},"3":{"start":{"line":4,"column":0},"end":{"line":4,"column":null}},"4":{"start":{"line":16,"column":34},"end":{"line":16,"column":57}},"5":{"start":{"line":17,"column":32},"end":{"line":17,"column":46}},"6":{"start":{"line":18,"column":32},"end":{"line":18,"column":47}},"7":{"start":{"line":19,"column":38},"end":{"line":19,"column":67}},"8":{"start":{"line":20,"column":40},"end":{"line":20,"column":62}},"9":{"start":{"line":21,"column":17},"end":{"line":21,"column":45}},"10":{"start":{"line":22,"column":27},"end":{"line":22,"column":44}},"11":{"start":{"line":24,"column":2},"end":{"line":58,"column":17}},"12":{"start":{"line":26,"column":6},"end":{"line":31,"column":7}},"13":{"start":{"line":27,"column":24},"end":{"line":27,"column":45}},"14":{"start":{"line":28,"column":8},"end":{"line":28,"column":29}},"15":{"start":{"line":30,"column":8},"end":{"line":30,"column":26}},"16":{"start":{"line":33,"column":4},"end":{"line":33,"column":11}},"17":{"start":{"line":35,"column":4},"end":{"line":37,"column":5}},"18":{"start":{"line":36,"column":6},"end":{"line":36,"column":25}},"19":{"start":{"line":39,"column":32},"end":{"line":42,"column":6}},"20":{"start":{"line":40,"column":6},"end":{"line":40,"column":42}},"21":{"start":{"line":40,"column":26},"end":{"line":40,"column":40}},"22":{"start":{"line":41,"column":6},"end":{"line":41,"column":26}},"23":{"start":{"line":44,"column":30},"end":{"line":46,"column":null}},"24":{"start":{"line":45,"column":16},"end":{"line":45,"column":35}},"25":{"start":{"line":46,"column":12},"end":{"line":46,"column":31}},"26":{"start":{"line":49,"column":29},"end":{"line":51,"column":6}},"27":{"start":{"line":50,"column":6},"end":{"line":50,"column":28}},"28":{"start":{"line":53,"column":4},"end":{"line":57,"column":6}},"29":{"start":{"line":54,"column":6},"end":{"line":54,"column":28}},"30":{"start":{"line":55,"column":6},"end":{"line":55,"column":26}},"31":{"start":{"line":56,"column":6},"end":{"line":56,"column":25}},"32":{"start":{"line":60,"column":2},"end":{"line":64,"column":29}},"33":{"start":{"line":61,"column":4},"end":{"line":63,"column":5}},"34":{"start":{"line":62,"column":6},"end":{"line":62,"column":60}},"35":{"start":{"line":66,"column":23},"end":{"line":75,"column":16}},"36":{"start":{"line":67,"column":4},"end":{"line":67,"column":26}},"37":{"start":{"line":67,"column":19},"end":{"line":67,"column":26}},"38":{"start":{"line":68,"column":4},"end":{"line":68,"column":25}},"39":{"start":{"line":70,"column":4},"end":{"line":70,"column":73}},"40":{"start":{"line":70,"column":34},"end":{"line":70,"column":73}},"41":{"start":{"line":72,"column":4},"end":{"line":74,"column":13}},"42":{"start":{"line":73,"column":6},"end":{"line":73,"column":23}},"43":{"start":{"line":78,"column":4},"end":{"line":78,"column":26}},"44":{"start":{"line":78,"column":19},"end":{"line":78,"column":26}},"45":{"start":{"line":79,"column":4},"end":{"line":79,"column":21}},"46":{"start":{"line":80,"column":4},"end":{"line":80,"column":21}},"47":{"start":{"line":81,"column":4},"end":{"line":86,"column":5}},"48":{"start":{"line":82,"column":6},"end":{"line":82,"column":40}},"49":{"start":{"line":83,"column":6},"end":{"line":83,"column":40}},"50":{"start":{"line":85,"column":6},"end":{"line":85,"column":24}},"51":{"start":{"line":89,"column":2},"end":{"line":98,"column":4}}},"fnMap":{"0":{"name":"useChat","decl":{"start":{"line":15,"column":16},"end":{"line":15,"column":23}},"loc":{"start":{"line":15,"column":47},"end":{"line":99,"column":1}}},"1":{"name":"(anonymous_1)","decl":{"start":{"line":24,"column":12},"end":{"line":24,"column":15}},"loc":{"start":{"line":24,"column":17},"end":{"line":58,"column":3}}},"2":{"name":"init","decl":{"start":{"line":25,"column":19},"end":{"line":25,"column":23}},"loc":{"start":{"line":25,"column":23},"end":{"line":32,"column":5}}},"3":{"name":"(anonymous_3)","decl":{"start":{"line":39,"column":52},"end":{"line":39,"column":55}},"loc":{"start":{"line":39,"column":58},"end":{"line":42,"column":5}}},"4":{"name":"(anonymous_4)","decl":{"start":{"line":40,"column":18},"end":{"line":40,"column":22}},"loc":{"start":{"line":40,"column":26},"end":{"line":40,"column":40}}},"5":{"name":"(anonymous_5)","decl":{"start":{"line":45,"column":6},"end":{"line":45,"column":7}},"loc":{"start":{"line":45,"column":16},"end":{"line":45,"column":35}}},"6":{"name":"(anonymous_6)","decl":{"start":{"line":46,"column":6},"end":{"line":46,"column":9}},"loc":{"start":{"line":46,"column":12},"end":{"line":46,"column":31}}},"7":{"name":"(anonymous_7)","decl":{"start":{"line":49,"column":46},"end":{"line":49,"column":47}},"loc":{"start":{"line":49,"column":56},"end":{"line":51,"column":5}}},"8":{"name":"(anonymous_8)","decl":{"start":{"line":53,"column":11},"end":{"line":53,"column":14}},"loc":{"start":{"line":53,"column":16},"end":{"line":57,"column":5}}},"9":{"name":"(anonymous_9)","decl":{"start":{"line":60,"column":12},"end":{"line":60,"column":15}},"loc":{"start":{"line":60,"column":17},"end":{"line":64,"column":3}}},"10":{"name":"(anonymous_10)","decl":{"start":{"line":66,"column":35},"end":{"line":66,"column":38}},"loc":{"start":{"line":66,"column":40},"end":{"line":75,"column":3}}},"11":{"name":"(anonymous_11)","decl":{"start":{"line":72,"column":42},"end":{"line":72,"column":45}},"loc":{"start":{"line":72,"column":47},"end":{"line":74,"column":5}}},"12":{"name":"send","decl":{"start":{"line":77,"column":17},"end":{"line":77,"column":21}},"loc":{"start":{"line":77,"column":34},"end":{"line":87,"column":3}}}},"branchMap":{"0":{"loc":{"start":{"line":35,"column":4},"end":{"line":37,"column":5}},"type":"if","locations":[{"start":{"line":35,"column":4},"end":{"line":37,"column":5}}]},"1":{"loc":{"start":{"line":61,"column":4},"end":{"line":63,"column":5}},"type":"if","locations":[{"start":{"line":61,"column":4},"end":{"line":63,"column":5}}]},"2":{"loc":{"start":{"line":67,"column":4},"end":{"line":67,"column":26}},"type":"if","locations":[{"start":{"line":67,"column":4},"end":{"line":67,"column":26}}]},"3":{"loc":{"start":{"line":70,"column":4},"end":{"line":70,"column":73}},"type":"if","locations":[{"start":{"line":70,"column":4},"end":{"line":70,"column":73}}]},"4":{"loc":{"start":{"line":78,"column":4},"end":{"line":78,"column":26}},"type":"if","locations":[{"start":{"line":78,"column":4},"end":{"line":78,"column":26}}]}},"s":{"0":1,"1":1,"2":1,"3":1,"4":25,"5":25,"6":25,"7":25,"8":25,"9":25,"10":25,"11":25,"12":8,"13":8,"14":8,"15":8,"16":8,"17":8,"18":8,"19":8,"20":2,"21":2,"22":2,"23":8,"24":1,"25":1,"26":8,"27":1,"28":8,"29":8,"30":8,"31":8,"32":25,"33":20,"34":12,"35":25,"36":2,"37":0,"38":2,"39":2,"40":0,"41":2,"42":1,"43":1,"44":0,"45":1,"46":1,"47":1,"48":1,"49":1,"50":1,"51":25},"f":{"0":25,"1":8,"2":8,"3":2,"4":2,"5":1,"6":1,"7":1,"8":8,"9":20,"10":2,"11":1,"12":1},"b":{"0":[8],"1":[12],"2":[0],"3":[0],"4":[0]}}
,"C:\\Users\\HP\\Desktop\\dev\\kairos\\src\\src\\lib\\utils.ts": {"path":"C:\\Users\\HP\\Desktop\\dev\\kairos\\src\\src\\lib\\utils.ts","statementMap":{"0":{"start":{"line":1,"column":0},"end":{"line":1,"column":16}},"1":{"start":{"line":2,"column":4},"end":{"line":2,"column":44}}},"fnMap":{"0":{"name":"cn","decl":{"start":{"line":1,"column":16},"end":{"line":1,"column":18}},"loc":{"start":{"line":1,"column":70},"end":{"line":3,"column":1}}}},"branchMap":{},"s":{"0":1,"1":278},"f":{"0":278},"b":{}}
,"C:\\Users\\HP\\Desktop\\dev\\kairos\\src\\src\\pages\\ChatPage.tsx": {"path":"C:\\Users\\HP\\Desktop\\dev\\kairos\\src\\src\\pages\\ChatPage.tsx","statementMap":{"0":{"start":{"line":9,"column":0},"end":{"line":9,"column":16}},"1":{"start":{"line":1,"column":0},"end":{"line":1,"column":40}},"2":{"start":{"line":2,"column":0},"end":{"line":2,"column":49}},"3":{"start":{"line":3,"column":0},"end":{"line":3,"column":43}},"4":{"start":{"line":4,"column":0},"end":{"line":4,"column":56}},"5":{"start":{"line":5,"column":0},"end":{"line":5,"column":58}},"6":{"start":{"line":6,"column":0},"end":{"line":6,"column":73}},"7":{"start":{"line":7,"column":0},"end":{"line":7,"column":34}},"8":{"start":{"line":10,"column":36},"end":{"line":10,"column":45}},"9":{"start":{"line":20,"column":6},"end":{"line":20,"column":23}},"10":{"start":{"line":22,"column":44},"end":{"line":22,"column":59}},"11":{"start":{"line":24,"column":2},"end":{"line":33,"column":3}},"12":{"start":{"line":25,"column":4},"end":{"line":32,"column":6}},"13":{"start":{"line":35,"column":23},"end":{"line":38,"column":3}},"14":{"start":{"line":36,"column":4},"end":{"line":36,"column":22}},"15":{"start":{"line":37,"column":4},"end":{"line":37,"column":29}},"16":{"start":{"line":40,"column":25},"end":{"line":119,"column":null}},"17":{"start":{"line":41,"column":4},"end":{"line":118,"column":null}},"18":{"start":{"line":77,"column":14},"end":{"line":78,"column":null}},"19":{"start":{"line":122,"column":2},"end":{"line":206,"column":4}},"20":{"start":{"line":134,"column":25},"end":{"line":134,"column":48}},"21":{"start":{"line":154,"column":29},"end":{"line":154,"column":51}}},"fnMap":{"0":{"name":"ChatPage","decl":{"start":{"line":9,"column":16},"end":{"line":9,"column":24}},"loc":{"start":{"line":9,"column":24},"end":{"line":207,"column":1}}},"1":{"name":"(anonymous_10)","decl":{"start":{"line":35,"column":23},"end":{"line":35,"column":26}},"loc":{"start":{"line":35,"column":28},"end":{"line":38,"column":3}}},"2":{"name":"(anonymous_11)","decl":{"start":{"line":40,"column":25},"end":{"line":40,"column":28}},"loc":{"start":{"line":41,"column":4},"end":{"line":118,"column":null}}},"3":{"name":"(anonymous_12)","decl":{"start":{"line":76,"column":29},"end":{"line":76,"column":30}},"loc":{"start":{"line":77,"column":14},"end":{"line":78,"column":null}}},"4":{"name":"(anonymous_13)","decl":{"start":{"line":134,"column":19},"end":{"line":134,"column":22}},"loc":{"start":{"line":134,"column":25},"end":{"line":134,"column":48}}},"5":{"name":"(anonymous_14)","decl":{"start":{"line":154,"column":23},"end":{"line":154,"column":26}},"loc":{"start":{"line":154,"column":29},"end":{"line":154,"column":51}}}},"branchMap":{"0":{"loc":{"start":{"line":24,"column":2},"end":{"line":33,"column":3}},"type":"if","locations":[{"start":{"line":24,"column":2},"end":{"line":33,"column":3}}]},"1":{"loc":{"start":{"line":81,"column":18},"end":{"line":81,"column":91}},"type":"cond-expr","locations":[{"start":{"line":81,"column":38},"end":{"line":81,"column":72}},{"start":{"line":81,"column":75},"end":{"line":81,"column":91}}]},"2":{"loc":{"start":{"line":91,"column":53},"end":{"line":91,"column":108}},"type":"cond-expr","locations":[{"start":{"line":91,"column":73},"end":{"line":91,"column":89}},{"start":{"line":91,"column":92},"end":{"line":91,"column":108}}]},"3":{"loc":{"start":{"line":92,"column":28},"end":{"line":92,"column":56}},"type":"binary-expr","locations":[{"start":{"line":92,"column":28},"end":{"line":92,"column":45}},{"start":{"line":92,"column":49},"end":{"line":92,"column":56}}]},"4":{"loc":{"start":{"line":131,"column":7},"end":{"line":136,"column":null}},"type":"binary-expr","locations":[{"start":{"line":131,"column":7},"end":{"line":131,"column":20}},{"start":{"line":132,"column":8},"end":{"line":135,"column":null}}]},"5":{"loc":{"start":{"line":142,"column":8},"end":{"line":142,"column":61}},"type":"cond-expr","locations":[{"start":{"line":142,"column":24},"end":{"line":142,"column":39}},{"start":{"line":142,"column":42},"end":{"line":142,"column":61}}]},"6":{"loc":{"start":{"line":178,"column":11},"end":{"line":196,"column":null}},"type":"cond-expr","locations":[{"start":{"line":179,"column":12},"end":{"line":188,"column":null}},{"start":{"line":191,"column":12},"end":{"line":195,"column":null}}]},"7":{"loc":{"start":{"line":202,"column":48},"end":{"line":202,"column":68}},"type":"binary-expr","locations":[{"start":{"line":202,"column":48},"end":{"line":202,"column":55}},{"start":{"line":202,"column":59},"end":{"line":202,"column":68}}]}},"s":{"0":1,"1":1,"2":1,"3":1,"4":1,"5":1,"6":1,"7":1,"8":25,"9":25,"10":25,"11":25,"12":0,"13":25,"14":1,"15":1,"16":25,"17":50,"18":4,"19":25,"20":1,"21":1},"f":{"0":25,"1":1,"2":50,"3":4,"4":1,"5":1},"b":{"0":[0],"1":[2,2],"2":[2,2],"3":[4,2],"4":[25,1],"5":[1,24],"6":[8,17],"7":[25,24]}}
,"C:\\Users\\HP\\Desktop\\dev\\kairos\\src\\src\\pages\\LoginPage.tsx": {"path":"C:\\Users\\HP\\Desktop\\dev\\kairos\\src\\src\\pages\\LoginPage.tsx","statementMap":{"0":{"start":{"line":12,"column":0},"end":{"line":12,"column":16}},"1":{"start":{"line":1,"column":0},"end":{"line":1,"column":51}},"2":{"start":{"line":2,"column":0},"end":{"line":2,"column":49}},"3":{"start":{"line":3,"column":0},"end":{"line":3,"column":47}},"4":{"start":{"line":4,"column":0},"end":{"line":4,"column":49}},"5":{"start":{"line":5,"column":0},"end":{"line":5,"column":58}},"6":{"start":{"line":6,"column":0},"end":{"line":6,"column":34}},"7":{"start":{"line":13,"column":26},"end":{"line":13,"column":35}},"8":{"start":{"line":14,"column":26},"end":{"line":14,"column":38}},"9":{"start":{"line":15,"column":42},"end":{"line":15,"column":57}},"10":{"start":{"line":18,"column":4},"end":{"line":18,"column":23}},"11":{"start":{"line":19,"column":4},"end":{"line":19,"column":29}},"12":{"start":{"line":19,"column":22},"end":{"line":19,"column":29}},"13":{"start":{"line":21,"column":4},"end":{"line":21,"column":26}},"14":{"start":{"line":22,"column":4},"end":{"line":26,"column":12}},"15":{"start":{"line":23,"column":6},"end":{"line":23,"column":31}},"16":{"start":{"line":24,"column":6},"end":{"line":24,"column":19}},"17":{"start":{"line":25,"column":6},"end":{"line":25,"column":29}},"18":{"start":{"line":29,"column":2},"end":{"line":96,"column":4}},"19":{"start":{"line":65,"column":33},"end":{"line":65,"column":56}}},"fnMap":{"0":{"name":"LoginPage","decl":{"start":{"line":12,"column":16},"end":{"line":12,"column":25}},"loc":{"start":{"line":12,"column":47},"end":{"line":97,"column":1}}},"1":{"name":"handleSubmit","decl":{"start":{"line":17,"column":11},"end":{"line":17,"column":23}},"loc":{"start":{"line":17,"column":36},"end":{"line":27,"column":3}}},"2":{"name":"(anonymous_11)","decl":{"start":{"line":22,"column":15},"end":{"line":22,"column":18}},"loc":{"start":{"line":22,"column":20},"end":{"line":26,"column":5}}},"3":{"name":"(anonymous_12)","decl":{"start":{"line":65,"column":28},"end":{"line":65,"column":29}},"loc":{"start":{"line":65,"column":33},"end":{"line":65,"column":56}}}},"branchMap":{"0":{"loc":{"start":{"line":19,"column":4},"end":{"line":19,"column":29}},"type":"if","locations":[{"start":{"line":19,"column":4},"end":{"line":19,"column":29}}]},"1":{"loc":{"start":{"line":77,"column":24},"end":{"line":77,"column":52}},"type":"binary-expr","locations":[{"start":{"line":77,"column":24},"end":{"line":77,"column":36}},{"start":{"line":77,"column":40},"end":{"line":77,"column":52}}]},"2":{"loc":{"start":{"line":80,"column":16},"end":{"line":80,"column":44}},"type":"binary-expr","locations":[{"start":{"line":80,"column":16},"end":{"line":80,"column":28}},{"start":{"line":80,"column":32},"end":{"line":80,"column":44}}]},"3":{"loc":{"start":{"line":83,"column":15},"end":{"line":89,"column":null}},"type":"cond-expr","locations":[{"start":{"line":84,"column":16},"end":{"line":86,"column":null}},{"start":{"line":89,"column":16},"end":{"line":89,"column":31}}]}},"s":{"0":1,"1":1,"2":1,"3":1,"4":1,"5":1,"6":1,"7":25,"8":25,"9":25,"10":8,"11":8,"12":0,"13":8,"14":8,"15":8,"16":8,"17":8,"18":25,"19":8},"f":{"0":25,"1":8,"2":8,"3":8},"b":{"0":[0],"1":[25,16],"2":[25,8],"3":[8,17]}}
,"C:\\Users\\HP\\Desktop\\dev\\kairos\\src\\src\\services\\api.ts": {"path":"C:\\Users\\HP\\Desktop\\dev\\kairos\\src\\src\\services\\api.ts","statementMap":{"0":{"start":{"line":6,"column":0},"end":{"line":6,"column":7}},"1":{"start":{"line":14,"column":0},"end":{"line":14,"column":7}},"2":{"start":{"line":2,"column":0},"end":{"line":2,"column":36}},"3":{"start":{"line":4,"column":21},"end":{"line":4,"column":46}},"4":{"start":{"line":7,"column":14},"end":{"line":7,"column":53}},"5":{"start":{"line":8,"column":2},"end":{"line":10,"column":3}},"6":{"start":{"line":9,"column":4},"end":{"line":9,"column":47}},"7":{"start":{"line":11,"column":2},"end":{"line":11,"column":20}},"8":{"start":{"line":15,"column":14},"end":{"line":19,"column":4}},"9":{"start":{"line":21,"column":2},"end":{"line":23,"column":3}},"10":{"start":{"line":22,"column":4},"end":{"line":22,"column":46}},"11":{"start":{"line":25,"column":2},"end":{"line":25,"column":20}}},"fnMap":{"0":{"name":"fetchMessages","decl":{"start":{"line":6,"column":22},"end":{"line":6,"column":35}},"loc":{"start":{"line":6,"column":35},"end":{"line":12,"column":1}}},"1":{"name":"postMessage","decl":{"start":{"line":14,"column":22},"end":{"line":14,"column":33}},"loc":{"start":{"line":14,"column":62},"end":{"line":26,"column":1}}}},"branchMap":{"0":{"loc":{"start":{"line":8,"column":2},"end":{"line":10,"column":3}},"type":"if","locations":[{"start":{"line":8,"column":2},"end":{"line":10,"column":3}}]},"1":{"loc":{"start":{"line":21,"column":2},"end":{"line":23,"column":3}},"type":"if","locations":[{"start":{"line":21,"column":2},"end":{"line":23,"column":3}}]}},"s":{"0":1,"1":1,"2":1,"3":1,"4":2,"5":2,"6":1,"7":1,"8":2,"9":2,"10":1,"11":1},"f":{"0":2,"1":2},"b":{"0":[1],"1":[1]}}
,"C:\\Users\\HP\\Desktop\\dev\\kairos\\src\\src\\services\\socket.ts": {"path":"C:\\Users\\HP\\Desktop\\dev\\kairos\\src\\src\\services\\socket.ts","statementMap":{"0":{"start":{"line":9,"column":0},"end":{"line":9,"column":16}},"1":{"start":{"line":16,"column":0},"end":{"line":16,"column":16}},"2":{"start":{"line":20,"column":0},"end":{"line":20,"column":16}},"3":{"start":{"line":25,"column":0},"end":{"line":25,"column":16}},"4":{"start":{"line":33,"column":0},"end":{"line":33,"column":16}},"5":{"start":{"line":41,"column":0},"end":{"line":41,"column":16}},"6":{"start":{"line":45,"column":0},"end":{"line":45,"column":16}},"7":{"start":{"line":49,"column":0},"end":{"line":49,"column":16}},"8":{"start":{"line":1,"column":0},"end":{"line":1,"column":46}},"9":{"start":{"line":3,"column":0},"end":{"line":3,"column":36}},"10":{"start":{"line":5,"column":19},"end":{"line":5,"column":35}},"11":{"start":{"line":7,"column":28},"end":{"line":7,"column":32}},"12":{"start":{"line":10,"column":2},"end":{"line":12,"column":3}},"13":{"start":{"line":11,"column":4},"end":{"line":11,"column":59}},"14":{"start":{"line":13,"column":2},"end":{"line":13,"column":16}},"15":{"start":{"line":17,"column":2},"end":{"line":17,"column":37}},"16":{"start":{"line":21,"column":12},"end":{"line":21,"column":23}},"17":{"start":{"line":22,"column":2},"end":{"line":22,"column":42}},"18":{"start":{"line":26,"column":12},"end":{"line":26,"column":23}},"19":{"start":{"line":27,"column":2},"end":{"line":27,"column":28}},"20":{"start":{"line":28,"column":2},"end":{"line":30,"column":4}},"21":{"start":{"line":29,"column":4},"end":{"line":29,"column":31}},"22":{"start":{"line":34,"column":12},"end":{"line":34,"column":23}},"23":{"start":{"line":35,"column":2},"end":{"line":35,"column":32}},"24":{"start":{"line":36,"column":2},"end":{"line":38,"column":4}},"25":{"start":{"line":37,"column":4},"end":{"line":37,"column":35}},"26":{"start":{"line":42,"column":2},"end":{"line":42,"column":39}},"27":{"start":{"line":46,"column":2},"end":{"line":46,"column":33}},"28":{"start":{"line":50,"column":12},"end":{"line":50,"column":23}},"29":{"start":{"line":51,"column":2},"end":{"line":51,"column":31}},"30":{"start":{"line":52,"column":2},"end":{"line":52,"column":36}},"31":{"start":{"line":53,"column":2},"end":{"line":56,"column":4}},"32":{"start":{"line":54,"column":4},"end":{"line":54,"column":34}},"33":{"start":{"line":55,"column":4},"end":{"line":55,"column":39}}},"fnMap":{"0":{"name":"getSocket","decl":{"start":{"line":9,"column":16},"end":{"line":9,"column":25}},"loc":{"start":{"line":9,"column":25},"end":{"line":14,"column":1}}},"1":{"name":"joinChat","decl":{"start":{"line":16,"column":16},"end":{"line":16,"column":24}},"loc":{"start":{"line":16,"column":41},"end":{"line":18,"column":1}}},"2":{"name":"sendSocketMessage","decl":{"start":{"line":20,"column":16},"end":{"line":20,"column":33}},"loc":{"start":{"line":20,"column":62},"end":{"line":23,"column":1}}},"3":{"name":"subscribeToMessages","decl":{"start":{"line":25,"column":16},"end":{"line":25,"column":35}},"loc":{"start":{"line":25,"column":68},"end":{"line":31,"column":1}}},"4":{"name":"(anonymous_4)","decl":{"start":{"line":28,"column":9},"end":{"line":28,"column":12}},"loc":{"start":{"line":28,"column":14},"end":{"line":30,"column":3}}},"5":{"name":"subscribeToUsers","decl":{"start":{"line":33,"column":16},"end":{"line":33,"column":32}},"loc":{"start":{"line":33,"column":68},"end":{"line":39,"column":1}}},"6":{"name":"(anonymous_6)","decl":{"start":{"line":36,"column":9},"end":{"line":36,"column":12}},"loc":{"start":{"line":36,"column":14},"end":{"line":38,"column":3}}},"7":{"name":"sendTyping","decl":{"start":{"line":41,"column":16},"end":{"line":41,"column":26}},"loc":{"start":{"line":41,"column":43},"end":{"line":43,"column":1}}},"8":{"name":"sendStopTyping","decl":{"start":{"line":45,"column":16},"end":{"line":45,"column":30}},"loc":{"start":{"line":45,"column":30},"end":{"line":47,"column":1}}},"9":{"name":"subscribeToTyping","decl":{"start":{"line":49,"column":16},"end":{"line":49,"column":33}},"loc":{"start":{"line":49,"column":86},"end":{"line":57,"column":1}}},"10":{"name":"(anonymous_10)","decl":{"start":{"line":53,"column":9},"end":{"line":53,"column":12}},"loc":{"start":{"line":53,"column":14},"end":{"line":56,"column":3}}}},"branchMap":{"0":{"loc":{"start":{"line":10,"column":2},"end":{"line":12,"column":3}},"type":"if","locations":[{"start":{"line":10,"column":2},"end":{"line":12,"column":3}}]}},"s":{"0":1,"1":1,"2":1,"3":1,"4":1,"5":1,"6":1,"7":1,"8":1,"9":1,"10":1,"11":1,"12":15,"13":1,"14":15,"15":1,"16":1,"17":1,"18":1,"19":1,"20":1,"21":1,"22":1,"23":1,"24":1,"25":1,"26":1,"27":1,"28":1,"29":1,"30":1,"31":1,"32":1,"33":1},"f":{"0":15,"1":1,"2":1,"3":1,"4":1,"5":1,"6":1,"7":1,"8":1,"9":1,"10":1},"b":{"0":[1]}}
}
