TN:
SF:src\App.tsx
FN:6,AppInner
FN:11,(anonymous_10)
FN:17,App
FNF:3
FNH:3
FNDA:17,AppInner
FNDA:8,(anonymous_10)
FNDA:8,App
DA:1,1
DA:2,1
DA:3,1
DA:4,1
DA:7,17
DA:8,17
DA:10,17
DA:11,9
DA:14,8
DA:17,1
DA:18,8
LF:11
LH:11
BRDA:10,0,0,9
BRDA:10,1,0,17
BRDA:10,1,1,8
BRF:3
BRH:3
end_of_record
TN:
SF:src\components\ChatMessage.tsx
FN:11,ChatMessage
FNF:1
FNH:1
FNDA:19,ChatMessage
DA:1,1
DA:3,1
DA:11,1
DA:12,19
DA:13,19
DA:14,19
DA:16,19
DA:21,19
DA:22,1
DA:31,18
LF:10
LH:10
BRDA:13,0,0,19
BRDA:13,0,1,18
BRDA:14,1,0,19
BRDA:14,1,1,2
BRDA:21,2,0,1
BRDA:34,3,0,16
BRDA:34,3,1,2
BRDA:35,4,0,18
BRDA:35,4,1,0
BRDA:39,5,0,16
BRDA:39,5,1,2
BRDA:41,6,0,18
BRDA:41,6,1,18
BRDA:41,6,2,2
BRDA:50,7,0,16
BRDA:50,7,1,2
BRDA:53,8,0,18
BRDA:53,8,1,16
BRDA:53,8,2,16
BRDA:54,9,0,18
BRDA:54,9,1,2
BRDA:54,9,2,2
BRDA:60,10,0,16
BRDA:60,10,1,2
BRDA:63,11,0,18
BRDA:63,11,1,16
BRF:26
BRH:25
end_of_record
TN:
SF:src\components\MessageInput.tsx
FN:13,MessageInput
FN:18,handleSubmit
FN:27,handleChange
FN:32,addEmoji
FN:33,(anonymous_13)
FN:48,(anonymous_14)
FN:52,(anonymous_15)
FN:68,(anonymous_16)
FNF:8
FNH:3
FNDA:27,MessageInput
FNDA:1,handleSubmit
FNDA:2,handleChange
FNDA:0,addEmoji
FNDA:0,(anonymous_13)
FNDA:0,(anonymous_14)
FNDA:0,(anonymous_15)
FNDA:0,(anonymous_16)
DA:1,1
DA:2,1
DA:3,1
DA:11,1
DA:13,1
DA:14,27
DA:15,27
DA:16,27
DA:19,1
DA:20,1
DA:21,1
DA:22,1
DA:23,1
DA:24,1
DA:28,2
DA:29,2
DA:33,0
DA:34,0
DA:35,0
DA:38,27
DA:49,0
DA:52,0
DA:68,0
LF:23
LH:17
BRDA:20,0,0,0
BRDA:20,1,0,1
BRDA:20,1,1,1
BRDA:29,2,0,2
BRDA:44,3,0,27
BRDA:44,3,1,0
BRDA:64,4,0,27
BRDA:64,4,1,1
BRDA:71,5,0,0
BRDA:71,5,1,27
BRDA:91,6,0,27
BRDA:91,6,1,2
BRDA:95,7,0,2
BRDA:95,7,1,25
BRF:14
BRH:11
end_of_record
TN:
SF:src\components\MessageList.tsx
FN:13,MessageList
FN:28,(anonymous_2)
FNF:2
FNH:2
FNDA:17,MessageList
FNDA:19,(anonymous_2)
DA:1,1
DA:3,1
DA:4,1
DA:13,1
DA:14,17
DA:29,19
LF:6
LH:6
BRDA:17,0,0,0
BRDA:17,0,1,17
BRDA:33,1,0,2
BRDA:33,1,1,17
BRDA:38,2,0,17
BRDA:38,2,1,1
BRF:6
BRH:5
end_of_record
TN:
SF:src\components\ui\button.tsx
FN:8,(anonymous_9)
FNF:1
FNH:1
FNDA:25,(anonymous_9)
DA:1,1
DA:2,1
DA:7,1
DA:9,25
DA:23,1
LF:5
LH:5
BRF:0
BRH:0
end_of_record
TN:
SF:src\components\ui\input.tsx
FN:8,(anonymous_9)
FNF:1
FNH:1
FNDA:25,(anonymous_9)
DA:1,1
DA:2,1
DA:7,1
DA:9,25
DA:22,1
LF:5
LH:5
BRF:0
BRH:0
end_of_record
TN:
SF:src\components\ui\scroll-area.tsx
FN:8,(anonymous_9)
FNF:1
FNH:1
FNDA:17,(anonymous_9)
DA:1,1
DA:2,1
DA:7,1
DA:9,17
DA:19,1
LF:5
LH:5
BRF:0
BRH:0
end_of_record
TN:
SF:src\context\AuthContext.tsx
FN:10,AuthProvider
FN:20,useAuth
FNF:2
FNH:2
FNDA:25,AuthProvider
FNDA:67,useAuth
DA:1,1
DA:8,1
DA:10,1
DA:11,25
DA:13,25
DA:20,1
DA:21,67
DA:22,67
DA:23,0
DA:25,67
LF:10
LH:9
BRDA:22,0,0,0
BRF:1
BRH:0
end_of_record
TN:
SF:src\hooks\useChat.ts
FN:15,useChat
FN:24,(anonymous_1)
FN:25,init
FN:39,(anonymous_3)
FN:40,(anonymous_4)
FN:45,(anonymous_5)
FN:46,(anonymous_6)
FN:49,(anonymous_7)
FN:53,(anonymous_8)
FN:60,(anonymous_9)
FN:66,(anonymous_10)
FN:72,(anonymous_11)
FN:77,send
FNF:13
FNH:13
FNDA:25,useChat
FNDA:8,(anonymous_1)
FNDA:8,init
FNDA:2,(anonymous_3)
FNDA:2,(anonymous_4)
FNDA:1,(anonymous_5)
FNDA:1,(anonymous_6)
FNDA:1,(anonymous_7)
FNDA:8,(anonymous_8)
FNDA:20,(anonymous_9)
FNDA:2,(anonymous_10)
FNDA:1,(anonymous_11)
FNDA:1,send
DA:1,1
DA:3,1
DA:4,1
DA:15,1
DA:16,25
DA:17,25
DA:18,25
DA:19,25
DA:20,25
DA:21,25
DA:22,25
DA:24,25
DA:26,8
DA:27,8
DA:28,8
DA:30,8
DA:33,8
DA:35,8
DA:36,8
DA:39,8
DA:40,2
DA:41,2
DA:44,8
DA:45,1
DA:46,1
DA:49,8
DA:50,1
DA:53,8
DA:54,8
DA:55,8
DA:56,8
DA:60,25
DA:61,20
DA:62,12
DA:66,25
DA:67,2
DA:68,2
DA:70,2
DA:72,2
DA:73,1
DA:78,1
DA:79,1
DA:80,1
DA:81,1
DA:82,1
DA:83,1
DA:85,1
DA:89,25
LF:48
LH:48
BRDA:35,0,0,8
BRDA:61,1,0,12
BRDA:67,2,0,0
BRDA:70,3,0,0
BRDA:78,4,0,0
BRF:5
BRH:2
end_of_record
TN:
SF:src\lib\utils.ts
FN:1,cn
FNF:1
FNH:1
FNDA:278,cn
DA:1,1
DA:2,278
LF:2
LH:2
BRF:0
BRH:0
end_of_record
TN:
SF:src\pages\ChatPage.tsx
FN:9,ChatPage
FN:35,(anonymous_10)
FN:40,(anonymous_11)
FN:76,(anonymous_12)
FN:134,(anonymous_13)
FN:154,(anonymous_14)
FNF:6
FNH:6
FNDA:25,ChatPage
FNDA:1,(anonymous_10)
FNDA:50,(anonymous_11)
FNDA:4,(anonymous_12)
FNDA:1,(anonymous_13)
FNDA:1,(anonymous_14)
DA:1,1
DA:2,1
DA:3,1
DA:4,1
DA:5,1
DA:6,1
DA:7,1
DA:9,1
DA:10,25
DA:20,25
DA:22,25
DA:24,25
DA:25,0
DA:35,25
DA:36,1
DA:37,1
DA:40,25
DA:41,50
DA:77,4
DA:122,25
DA:134,1
DA:154,1
LF:22
LH:21
BRDA:24,0,0,0
BRDA:81,1,0,2
BRDA:81,1,1,2
BRDA:91,2,0,2
BRDA:91,2,1,2
BRDA:92,3,0,4
BRDA:92,3,1,2
BRDA:131,4,0,25
BRDA:131,4,1,1
BRDA:142,5,0,1
BRDA:142,5,1,24
BRDA:178,6,0,8
BRDA:178,6,1,17
BRDA:202,7,0,25
BRDA:202,7,1,24
BRF:15
BRH:14
end_of_record
TN:
SF:src\pages\LoginPage.tsx
FN:12,LoginPage
FN:17,handleSubmit
FN:22,(anonymous_11)
FN:65,(anonymous_12)
FNF:4
FNH:4
FNDA:25,LoginPage
FNDA:8,handleSubmit
FNDA:8,(anonymous_11)
FNDA:8,(anonymous_12)
DA:1,1
DA:2,1
DA:3,1
DA:4,1
DA:5,1
DA:6,1
DA:12,1
DA:13,25
DA:14,25
DA:15,25
DA:18,8
DA:19,8
DA:21,8
DA:22,8
DA:23,8
DA:24,8
DA:25,8
DA:29,25
DA:65,8
LF:19
LH:19
BRDA:19,0,0,0
BRDA:77,1,0,25
BRDA:77,1,1,16
BRDA:80,2,0,25
BRDA:80,2,1,8
BRDA:83,3,0,8
BRDA:83,3,1,17
BRF:7
BRH:6
end_of_record
TN:
SF:src\services\api.ts
FN:5,fetchMessages
FN:13,postMessage
FNF:2
FNH:2
FNDA:2,fetchMessages
FNDA:2,postMessage
DA:3,1
DA:5,1
DA:6,2
DA:7,2
DA:8,1
DA:10,1
DA:13,1
DA:14,2
DA:20,2
DA:21,1
DA:24,1
LF:11
LH:11
BRDA:7,0,0,1
BRDA:20,1,0,1
BRF:2
BRH:2
end_of_record
TN:
SF:src\services\socket.ts
FN:8,getSocket
FN:15,joinChat
FN:19,sendSocketMessage
FN:24,subscribeToMessages
FN:27,(anonymous_4)
FN:32,subscribeToUsers
FN:35,(anonymous_6)
FN:40,sendTyping
FN:44,sendStopTyping
FN:48,subscribeToTyping
FN:52,(anonymous_10)
FNF:11
FNH:11
FNDA:15,getSocket
FNDA:1,joinChat
FNDA:1,sendSocketMessage
FNDA:1,subscribeToMessages
FNDA:1,(anonymous_4)
FNDA:1,subscribeToUsers
FNDA:1,(anonymous_6)
FNDA:1,sendTyping
FNDA:1,sendStopTyping
FNDA:1,subscribeToTyping
FNDA:1,(anonymous_10)
DA:1,1
DA:4,1
DA:6,1
DA:8,1
DA:9,15
DA:10,1
DA:12,15
DA:15,1
DA:16,1
DA:19,1
DA:20,1
DA:21,1
DA:24,1
DA:25,1
DA:26,1
DA:27,1
DA:28,1
DA:32,1
DA:33,1
DA:34,1
DA:35,1
DA:36,1
DA:40,1
DA:41,1
DA:44,1
DA:45,1
DA:48,1
DA:49,1
DA:50,1
DA:51,1
DA:52,1
DA:53,1
DA:54,1
LF:33
LH:33
BRDA:9,0,0,1
BRF:1
BRH:1
end_of_record
