{"C:\\Users\\HP\\Desktop\\dev\\kairos\\server\\src\\app.ts": {"path":"C:\\Users\\HP\\Desktop\\dev\\kairos\\server\\src\\app.ts","statementMap":{"0":{"start":{"line":1,"column":0},"end":{"line":1,"column":30}},"1":{"start":{"line":2,"column":0},"end":{"line":2,"column":24}},"2":{"start":{"line":3,"column":0},"end":{"line":3,"column":51}},"3":{"start":{"line":4,"column":0},"end":{"line":4,"column":57}},"4":{"start":{"line":6,"column":12},"end":{"line":6,"column":21}},"5":{"start":{"line":8,"column":0},"end":{"line":8,"column":16}},"6":{"start":{"line":9,"column":0},"end":{"line":9,"column":24}},"7":{"start":{"line":11,"column":0},"end":{"line":11,"column":31}},"8":{"start":{"line":13,"column":0},"end":{"line":13,"column":22}},"9":{"start":{"line":15,"column":0},"end":{"line":15,"column":19}}},"fnMap":{},"branchMap":{},"s":{"0":2,"1":2,"2":2,"3":2,"4":2,"5":2,"6":2,"7":2,"8":2,"9":2},"f":{},"b":{}}
,"C:\\Users\\HP\\Desktop\\dev\\kairos\\server\\src\\prisma.ts": {"path":"C:\\Users\\HP\\Desktop\\dev\\kairos\\server\\src\\prisma.ts","statementMap":{"0":{"start":{"line":1,"column":0},"end":{"line":1,"column":46}},"1":{"start":{"line":3,"column":15},"end":{"line":3,"column":33}},"2":{"start":{"line":5,"column":0},"end":{"line":5,"column":22}}},"fnMap":{},"branchMap":{},"s":{"0":2,"1":2,"2":2},"f":{},"b":{}}
,"C:\\Users\\HP\\Desktop\\dev\\kairos\\server\\src\\config\\env.ts": {"path":"C:\\Users\\HP\\Desktop\\dev\\kairos\\server\\src\\config\\env.ts","statementMap":{"0":{"start":{"line":1,"column":0},"end":{"line":1,"column":24}},"1":{"start":{"line":2,"column":0},"end":{"line":2,"column":28}},"2":{"start":{"line":4,"column":0},"end":{"line":4,"column":16}},"3":{"start":{"line":6,"column":18},"end":{"line":9,"column":2}},"4":{"start":{"line":11,"column":15},"end":{"line":11,"column":47}},"5":{"start":{"line":13,"column":0},"end":{"line":16,"column":1}},"6":{"start":{"line":14,"column":4},"end":{"line":14,"column":77}},"7":{"start":{"line":15,"column":4},"end":{"line":15,"column":20}},"8":{"start":{"line":18,"column":13},"end":{"line":18,"column":31}}},"fnMap":{},"branchMap":{"0":{"loc":{"start":{"line":13,"column":0},"end":{"line":16,"column":1}},"type":"if","locations":[{"start":{"line":13,"column":0},"end":{"line":16,"column":1}}]}},"s":{"0":0,"1":0,"2":0,"3":0,"4":0,"5":0,"6":0,"7":0,"8":0},"f":{},"b":{"0":[0]}}
,"C:\\Users\\HP\\Desktop\\dev\\kairos\\server\\src\\controllers\\messageController.ts": {"path":"C:\\Users\\HP\\Desktop\\dev\\kairos\\server\\src\\controllers\\messageController.ts","statementMap":{"0":{"start":{"line":4,"column":0},"end":{"line":4,"column":7}},"1":{"start":{"line":9,"column":0},"end":{"line":9,"column":7}},"2":{"start":{"line":2,"column":0},"end":{"line":2,"column":72}},"3":{"start":{"line":5,"column":19},"end":{"line":5,"column":38}},"4":{"start":{"line":6,"column":2},"end":{"line":6,"column":28}},"5":{"start":{"line":10,"column":27},"end":{"line":10,"column":73}},"6":{"start":{"line":12,"column":2},"end":{"line":14,"column":3}},"7":{"start":{"line":13,"column":4},"end":{"line":13,"column":75}},"8":{"start":{"line":16,"column":18},"end":{"line":16,"column":55}},"9":{"start":{"line":17,"column":2},"end":{"line":17,"column":39}}},"fnMap":{"0":{"name":"getMessagesHandler","decl":{"start":{"line":4,"column":22},"end":{"line":4,"column":40}},"loc":{"start":{"line":4,"column":69},"end":{"line":7,"column":1}}},"1":{"name":"createMessageHandler","decl":{"start":{"line":9,"column":22},"end":{"line":9,"column":42}},"loc":{"start":{"line":9,"column":70},"end":{"line":18,"column":1}}}},"branchMap":{"0":{"loc":{"start":{"line":12,"column":2},"end":{"line":14,"column":3}},"type":"if","locations":[{"start":{"line":12,"column":2},"end":{"line":14,"column":3}}]},"1":{"loc":{"start":{"line":12,"column":6},"end":{"line":12,"column":22}},"type":"binary-expr","locations":[{"start":{"line":12,"column":6},"end":{"line":12,"column":13}},{"start":{"line":12,"column":17},"end":{"line":12,"column":22}}]}},"s":{"0":2,"1":2,"2":2,"3":1,"4":1,"5":1,"6":1,"7":0,"8":1,"9":1},"f":{"0":1,"1":1},"b":{"0":[0],"1":[1,1]}}
,"C:\\Users\\HP\\Desktop\\dev\\kairos\\server\\src\\middleware\\errorHandler.ts": {"path":"C:\\Users\\HP\\Desktop\\dev\\kairos\\server\\src\\middleware\\errorHandler.ts","statementMap":{"0":{"start":{"line":3,"column":0},"end":{"line":3,"column":16}},"1":{"start":{"line":10,"column":2},"end":{"line":10,"column":21}},"2":{"start":{"line":11,"column":2},"end":{"line":11,"column":59}}},"fnMap":{"0":{"name":"errorHandler","decl":{"start":{"line":3,"column":16},"end":{"line":3,"column":28}},"loc":{"start":{"line":7,"column":21},"end":{"line":12,"column":1}}}},"branchMap":{},"s":{"0":2,"1":0,"2":0},"f":{"0":0},"b":{}}
,"C:\\Users\\HP\\Desktop\\dev\\kairos\\server\\src\\middleware\\validateMessage.ts": {"path":"C:\\Users\\HP\\Desktop\\dev\\kairos\\server\\src\\middleware\\validateMessage.ts","statementMap":{"0":{"start":{"line":3,"column":0},"end":{"line":3,"column":16}},"1":{"start":{"line":8,"column":27},"end":{"line":8,"column":73}},"2":{"start":{"line":10,"column":2},"end":{"line":12,"column":3}},"3":{"start":{"line":11,"column":4},"end":{"line":11,"column":75}},"4":{"start":{"line":14,"column":2},"end":{"line":14,"column":16}}},"fnMap":{"0":{"name":"validateMessage","decl":{"start":{"line":3,"column":16},"end":{"line":3,"column":31}},"loc":{"start":{"line":6,"column":20},"end":{"line":15,"column":1}}}},"branchMap":{"0":{"loc":{"start":{"line":10,"column":2},"end":{"line":12,"column":3}},"type":"if","locations":[{"start":{"line":10,"column":2},"end":{"line":12,"column":3}}]},"1":{"loc":{"start":{"line":10,"column":6},"end":{"line":10,"column":22}},"type":"binary-expr","locations":[{"start":{"line":10,"column":6},"end":{"line":10,"column":13}},{"start":{"line":10,"column":17},"end":{"line":10,"column":22}}]}},"s":{"0":2,"1":2,"2":2,"3":1,"4":1},"f":{"0":2},"b":{"0":[1],"1":[2,1]}}
,"C:\\Users\\HP\\Desktop\\dev\\kairos\\server\\src\\routes\\messageRoutes.ts": {"path":"C:\\Users\\HP\\Desktop\\dev\\kairos\\server\\src\\routes\\messageRoutes.ts","statementMap":{"0":{"start":{"line":1,"column":0},"end":{"line":1,"column":33}},"1":{"start":{"line":2,"column":0},"end":{"line":2,"column":null}},"2":{"start":{"line":6,"column":0},"end":{"line":6,"column":64}},"3":{"start":{"line":8,"column":15},"end":{"line":8,"column":23}},"4":{"start":{"line":10,"column":0},"end":{"line":10,"column":44}},"5":{"start":{"line":11,"column":0},"end":{"line":11,"column":64}},"6":{"start":{"line":13,"column":0},"end":{"line":13,"column":22}}},"fnMap":{},"branchMap":{},"s":{"0":2,"1":2,"2":2,"3":2,"4":2,"5":2,"6":2},"f":{},"b":{}}
,"C:\\Users\\HP\\Desktop\\dev\\kairos\\server\\src\\services\\messageService.ts": {"path":"C:\\Users\\HP\\Desktop\\dev\\kairos\\server\\src\\services\\messageService.ts","statementMap":{"0":{"start":{"line":4,"column":0},"end":{"line":4,"column":7}},"1":{"start":{"line":10,"column":0},"end":{"line":10,"column":7}},"2":{"start":{"line":1,"column":0},"end":{"line":1,"column":31}},"3":{"start":{"line":5,"column":2},"end":{"line":7,"column":5}},"4":{"start":{"line":11,"column":2},"end":{"line":13,"column":5}}},"fnMap":{"0":{"name":"getMessages","decl":{"start":{"line":4,"column":22},"end":{"line":4,"column":33}},"loc":{"start":{"line":4,"column":33},"end":{"line":8,"column":1}}},"1":{"name":"createMessage","decl":{"start":{"line":10,"column":22},"end":{"line":10,"column":35}},"loc":{"start":{"line":10,"column":56},"end":{"line":14,"column":1}}}},"branchMap":{},"s":{"0":2,"1":2,"2":2,"3":1,"4":2},"f":{"0":1,"1":2},"b":{}}
,"C:\\Users\\HP\\Desktop\\dev\\kairos\\server\\src\\sockets\\chatSocket.ts": {"path":"C:\\Users\\HP\\Desktop\\dev\\kairos\\server\\src\\sockets\\chatSocket.ts","statementMap":{"0":{"start":{"line":7,"column":0},"end":{"line":7,"column":16}},"1":{"start":{"line":2,"column":0},"end":{"line":2,"column":59}},"2":{"start":{"line":5,"column":20},"end":{"line":5,"column":45}},"3":{"start":{"line":8,"column":2},"end":{"line":77,"column":5}},"4":{"start":{"line":10,"column":4},"end":{"line":10,"column":47}},"5":{"start":{"line":12,"column":4},"end":{"line":28,"column":7}},"6":{"start":{"line":13,"column":6},"end":{"line":13,"column":45}},"7":{"start":{"line":13,"column":38},"end":{"line":13,"column":45}},"8":{"start":{"line":15,"column":6},"end":{"line":15,"column":43}},"9":{"start":{"line":18,"column":6},"end":{"line":18,"column":72}},"10":{"start":{"line":21,"column":6},"end":{"line":27,"column":9}},"11":{"start":{"line":30,"column":4},"end":{"line":48,"column":7}},"12":{"start":{"line":31,"column":31},"end":{"line":31,"column":38}},"13":{"start":{"line":33,"column":6},"end":{"line":38,"column":7}},"14":{"start":{"line":34,"column":8},"end":{"line":36,"column":11}},"15":{"start":{"line":37,"column":8},"end":{"line":37,"column":15}},"16":{"start":{"line":40,"column":6},"end":{"line":47,"column":7}},"17":{"start":{"line":41,"column":24},"end":{"line":41,"column":61}},"18":{"start":{"line":42,"column":8},"end":{"line":42,"column":36}},"19":{"start":{"line":45,"column":8},"end":{"line":45,"column":27}},"20":{"start":{"line":46,"column":8},"end":{"line":46,"column":73}},"21":{"start":{"line":50,"column":4},"end":{"line":52,"column":7}},"22":{"start":{"line":51,"column":6},"end":{"line":51,"column":52}},"23":{"start":{"line":54,"column":4},"end":{"line":56,"column":7}},"24":{"start":{"line":55,"column":6},"end":{"line":55,"column":49}},"25":{"start":{"line":58,"column":4},"end":{"line":76,"column":7}},"26":{"start":{"line":59,"column":23},"end":{"line":59,"column":49}},"27":{"start":{"line":60,"column":6},"end":{"line":60,"column":36}},"28":{"start":{"line":62,"column":6},"end":{"line":62,"column":72}},"29":{"start":{"line":64,"column":6},"end":{"line":72,"column":7}},"30":{"start":{"line":65,"column":8},"end":{"line":71,"column":11}},"31":{"start":{"line":75,"column":6},"end":{"line":75,"column":52}}},"fnMap":{"0":{"name":"registerChatSocket","decl":{"start":{"line":7,"column":16},"end":{"line":7,"column":34}},"loc":{"start":{"line":7,"column":45},"end":{"line":78,"column":1}}},"1":{"name":"(anonymous_1)","decl":{"start":{"line":8,"column":22},"end":{"line":8,"column":23}},"loc":{"start":{"line":8,"column":41},"end":{"line":77,"column":3}}},"2":{"name":"(anonymous_2)","decl":{"start":{"line":12,"column":22},"end":{"line":12,"column":23}},"loc":{"start":{"line":12,"column":43},"end":{"line":28,"column":5}}},"3":{"name":"(anonymous_3)","decl":{"start":{"line":30,"column":29},"end":{"line":30,"column":34}},"loc":{"start":{"line":30,"column":63},"end":{"line":48,"column":5}}},"4":{"name":"(anonymous_4)","decl":{"start":{"line":50,"column":24},"end":{"line":50,"column":25}},"loc":{"start":{"line":50,"column":45},"end":{"line":52,"column":5}}},"5":{"name":"(anonymous_5)","decl":{"start":{"line":54,"column":28},"end":{"line":54,"column":31}},"loc":{"start":{"line":54,"column":33},"end":{"line":56,"column":5}}},"6":{"name":"(anonymous_6)","decl":{"start":{"line":58,"column":28},"end":{"line":58,"column":31}},"loc":{"start":{"line":58,"column":33},"end":{"line":76,"column":5}}}},"branchMap":{"0":{"loc":{"start":{"line":13,"column":6},"end":{"line":13,"column":45}},"type":"if","locations":[{"start":{"line":13,"column":6},"end":{"line":13,"column":45}}]},"1":{"loc":{"start":{"line":33,"column":6},"end":{"line":38,"column":7}},"type":"if","locations":[{"start":{"line":33,"column":6},"end":{"line":38,"column":7}}]},"2":{"loc":{"start":{"line":33,"column":10},"end":{"line":33,"column":26}},"type":"binary-expr","locations":[{"start":{"line":33,"column":10},"end":{"line":33,"column":17}},{"start":{"line":33,"column":21},"end":{"line":33,"column":26}}]},"3":{"loc":{"start":{"line":64,"column":6},"end":{"line":72,"column":7}},"type":"if","locations":[{"start":{"line":64,"column":6},"end":{"line":72,"column":7}}]}},"s":{"0":1,"1":1,"2":1,"3":1,"4":3,"5":3,"6":2,"7":0,"8":2,"9":2,"10":2,"11":3,"12":2,"13":2,"14":1,"15":1,"16":1,"17":1,"18":1,"19":0,"20":0,"21":3,"22":1,"23":3,"24":1,"25":3,"26":3,"27":3,"28":3,"29":3,"30":2,"31":3},"f":{"0":1,"1":3,"2":2,"3":2,"4":1,"5":1,"6":3},"b":{"0":[0],"1":[1],"2":[2,1],"3":[2]}}
}
