TN:
SF:src\app.ts
FNF:0
FNH:0
DA:1,1
DA:2,1
DA:3,1
DA:4,1
DA:6,1
DA:8,1
DA:9,1
DA:11,1
DA:13,1
DA:15,1
LF:10
LH:10
BRF:0
BRH:0
end_of_record
TN:
SF:src\prisma.ts
FNF:0
FNH:0
DA:1,1
DA:3,1
DA:5,1
LF:3
LH:3
BRF:0
BRH:0
end_of_record
TN:
SF:src\config\env.ts
FNF:0
FNH:0
DA:1,0
DA:2,0
DA:4,0
DA:6,0
DA:11,0
DA:13,0
DA:14,0
DA:15,0
DA:18,0
LF:9
LH:0
BRDA:13,0,0,0
BRF:1
BRH:0
end_of_record
TN:
SF:src\controllers\messageController.ts
FN:4,getMessagesHandler
FN:9,createMessageHandler
FNF:2
FNH:2
FNDA:1,getMessagesHandler
FNDA:1,createMessageHandler
DA:2,1
DA:4,1
DA:5,1
DA:6,1
DA:9,1
DA:10,1
DA:12,1
DA:13,0
DA:16,1
DA:17,1
LF:10
LH:9
BRDA:12,0,0,0
BRDA:12,1,0,1
BRDA:12,1,1,1
BRF:3
BRH:2
end_of_record
TN:
SF:src\middleware\errorHandler.ts
FN:3,errorHandler
FNF:1
FNH:0
FNDA:0,errorHandler
DA:3,1
DA:10,0
DA:11,0
LF:3
LH:1
BRF:0
BRH:0
end_of_record
TN:
SF:src\middleware\validateMessage.ts
FN:3,validateMessage
FNF:1
FNH:1
FNDA:2,validateMessage
DA:3,1
DA:8,2
DA:10,2
DA:11,1
DA:14,1
LF:5
LH:5
BRDA:10,0,0,1
BRDA:10,1,0,2
BRDA:10,1,1,1
BRF:3
BRH:3
end_of_record
TN:
SF:src\routes\messageRoutes.ts
FNF:0
FNH:0
DA:1,1
DA:2,1
DA:6,1
DA:8,1
DA:10,1
DA:11,1
DA:13,1
LF:7
LH:7
BRF:0
BRH:0
end_of_record
TN:
SF:src\services\messageService.ts
FN:4,getMessages
FN:10,createMessage
FNF:2
FNH:2
FNDA:1,getMessages
FNDA:1,createMessage
DA:1,1
DA:4,1
DA:5,1
DA:10,1
DA:11,1
LF:5
LH:5
BRF:0
BRH:0
end_of_record
TN:
SF:src\sockets\chatSocket.ts
FN:7,registerChatSocket
FN:8,(anonymous_1)
FN:12,(anonymous_2)
FN:30,(anonymous_3)
FN:50,(anonymous_4)
FN:54,(anonymous_5)
FN:58,(anonymous_6)
FNF:7
FNH:0
FNDA:0,registerChatSocket
FNDA:0,(anonymous_1)
FNDA:0,(anonymous_2)
FNDA:0,(anonymous_3)
FNDA:0,(anonymous_4)
FNDA:0,(anonymous_5)
FNDA:0,(anonymous_6)
DA:2,0
DA:5,0
DA:7,0
DA:8,0
DA:10,0
DA:12,0
DA:13,0
DA:15,0
DA:18,0
DA:21,0
DA:30,0
DA:31,0
DA:33,0
DA:34,0
DA:37,0
DA:40,0
DA:41,0
DA:42,0
DA:45,0
DA:46,0
DA:50,0
DA:51,0
DA:54,0
DA:55,0
DA:58,0
DA:59,0
DA:60,0
DA:62,0
DA:64,0
DA:65,0
DA:75,0
LF:31
LH:0
BRDA:13,0,0,0
BRDA:33,1,0,0
BRDA:33,2,0,0
BRDA:33,2,1,0
BRDA:64,3,0,0
BRF:5
BRH:0
end_of_record
