TN:
SF:src\app.ts
FNF:0
FNH:0
DA:1,2
DA:2,2
DA:4,2
DA:5,2
DA:6,2
DA:7,2
DA:9,2
DA:11,2
DA:12,2
DA:14,2
DA:16,2
DA:18,2
LF:12
LH:12
BRF:0
BRH:0
end_of_record
TN:
SF:src\prisma.ts
FNF:0
FNH:0
DA:1,2
DA:2,2
DA:4,2
DA:6,2
DA:8,2
LF:5
LH:5
BRF:0
BRH:0
end_of_record
TN:
SF:src\controllers\messageController.ts
FN:4,getMessagesHandler
FN:9,createMessageHandler
FNF:2
FNH:2
FNDA:1,getMessagesHandler
FNDA:1,createMessageHandler
DA:2,2
DA:4,2
DA:5,1
DA:6,1
DA:9,2
DA:10,1
DA:12,1
DA:13,0
DA:16,1
DA:17,1
LF:10
LH:9
BRDA:12,0,0,0
BRDA:12,1,0,1
BRDA:12,1,1,1
BRF:3
BRH:2
end_of_record
TN:
SF:src\middleware\errorHandler.ts
FN:3,errorHandler
FNF:1
FNH:0
FNDA:0,errorHandler
DA:3,2
DA:10,0
DA:11,0
LF:3
LH:1
BRF:0
BRH:0
end_of_record
TN:
SF:src\middleware\validateMessage.ts
FN:3,validateMessage
FNF:1
FNH:1
FNDA:2,validateMessage
DA:3,2
DA:8,2
DA:10,2
DA:11,1
DA:14,1
LF:5
LH:5
BRDA:10,0,0,1
BRDA:10,1,0,2
BRDA:10,1,1,1
BRF:3
BRH:3
end_of_record
TN:
SF:src\routes\messageRoutes.ts
FNF:0
FNH:0
DA:1,2
DA:2,2
DA:6,2
DA:8,2
DA:10,2
DA:11,2
DA:13,2
LF:7
LH:7
BRF:0
BRH:0
end_of_record
TN:
SF:src\services\messageService.ts
FN:4,getMessages
FN:10,createMessage
FNF:2
FNH:2
FNDA:1,getMessages
FNDA:2,createMessage
DA:1,2
DA:4,2
DA:5,1
DA:10,2
DA:11,2
LF:5
LH:5
BRF:0
BRH:0
end_of_record
TN:
SF:src\sockets\chatSocket.ts
FN:7,registerChatSocket
FN:8,(anonymous_1)
FN:12,(anonymous_2)
FN:30,(anonymous_3)
FN:50,(anonymous_4)
FN:54,(anonymous_5)
FN:58,(anonymous_6)
FNF:7
FNH:7
FNDA:1,registerChatSocket
FNDA:3,(anonymous_1)
FNDA:2,(anonymous_2)
FNDA:2,(anonymous_3)
FNDA:1,(anonymous_4)
FNDA:1,(anonymous_5)
FNDA:3,(anonymous_6)
DA:2,1
DA:5,1
DA:7,1
DA:8,1
DA:10,3
DA:12,3
DA:13,2
DA:15,2
DA:18,2
DA:21,2
DA:30,3
DA:31,2
DA:33,2
DA:34,1
DA:37,1
DA:40,1
DA:41,1
DA:42,1
DA:45,0
DA:46,0
DA:50,3
DA:51,1
DA:54,3
DA:55,1
DA:58,3
DA:59,3
DA:60,3
DA:62,3
DA:64,3
DA:65,2
DA:75,3
LF:31
LH:29
BRDA:13,0,0,0
BRDA:33,1,0,1
BRDA:33,2,0,2
BRDA:33,2,1,1
BRDA:64,3,0,2
BRF:5
BRH:4
end_of_record
